Arguments: 
  /home/safeeullah/.nvm/versions/node/v12.22.9/bin/node /home/safeeullah/.nvm/versions/node/v12.22.9/bin/yarn

PATH: 
  /home/safeeullah/.nvm/versions/node/v12.22.9/bin:/usr/local/sbin:/usr/local/bin:/usr/sbin:/usr/bin:/sbin:/bin:/usr/games:/usr/local/games:/snap/bin:/usr/share/rvm/bin

Yarn version: 
  1.22.17

Node version: 
  12.22.9

Platform: 
  linux x64

Trace: 
  Error: getaddrinfo EAI_AGAIN registry.yarnpkg.com
      at GetAddrInfoReqWrap.onlookup [as oncomplete] (dns.js:66:26)

npm manifest: 
  {
    "name": "blog-backend",
    "version": "1.0.0",
    "main": "index.js",
    "license": "MIT",
    "scripts": {
      "dev": "nodemon --spawn --ignore 'sessions/' index.js"
    },
    "dependencies": {
      "cors": "^2.8.5",
      "dot-env": "^0.0.1",
      "dotenv": "^16.0.1",
      "express": "^4.18.1",
      "kill-port": "^2.0.1",
      "mongoose": "^6.4.6",
      "mongoose-paginate-v2": "^1.7.0",
      "morgan": "^1.10.0",
      "nodemon": "^2.0.19",
      "validatorjs": "^3.22.1"
    }
  }

yarn manifest: 
  No manifest

Lockfile: 
  # THIS IS AN AUTOGENERATED FILE. DO NOT EDIT THIS FILE DIRECTLY.
  # yarn lockfile v1
